<?xml version="1.0" encoding="UTF-8" ?>
<testsuite tests="10" failures="0" name="UATPAXPEGASUS.RunCucumberTest" time="196.084" errors="0" skipped="0">
  <properties>
[...]
</properties>
  <testcase classname="Is it Friday yet?" name="01. Sunday isn&apos;t Friday" time="20.637"/>
  <testcase classname="Is it Friday yet?" name="02. Sunday isn&apos;t Friday" time="20.038"/>
  <testcase classname="Is it Friday yet?" name="03. Sunday isn&apos;t Friday" time="19.048"/>
  <testcase classname="Is it Friday yet?" name="04. Sunday isn&apos;t Friday" time="20.051"/>
  <testcase classname="Is it Friday yet?" name="05. Sunday isn&apos;t Friday" time="19.056"/>
  <testcase classname="Is it Friday yet?" name="01. Sunday isn&apos;t Friday" time="19.034"/>
  <testcase classname="Is it Friday yet?" name="02. Sunday isn&apos;t Friday" time="20.062"/>
  <testcase classname="Is it Friday yet?" name="03. Sunday isn&apos;t Friday" time="19.116"/>
  <testcase classname="Is it Friday yet?" name="04. Sunday isn&apos;t Friday" time="19.017"/>
  <testcase classname="Is it Friday yet?" name="05. Sunday isn&apos;t Friday" time="20.025"/>
</testsuite>